<?xml version="1.0" encoding="UTF-8"?>
<testsuite name="test.pivotal.pal.tracker.FlowTest" tests="1" skipped="0" failures="0" errors="0" timestamp="2020-03-24T03:39:38" hostname="Thangass-MacBook-Pro.local" time="31.3">
  <properties/>
  <testcase name="testBasicFlow" classname="test.pivotal.pal.tracker.FlowTest" time="31.3"/>
  <system-out><![CDATA[Waiting on port 8881................................................................................................................................. server is up.
Waiting on port 8882.... server is up.
Waiting on port 8883... server is up.
Waiting on port 8884... server is up.
asserted registrationServer - Noop
asserted before allocation server
]]></system-out>
  <system-err><![CDATA[SLF4J: Failed to load class "org.slf4j.impl.StaticLoggerBinder".
SLF4J: Defaulting to no-operation (NOP) logger implementation
SLF4J: See http://www.slf4j.org/codes.html#StaticLoggerBinder for further details.
]]></system-err>
</testsuite>
