<?xml version="1.0" encoding="UTF-8"?>
<testsuite name="test.pivotal.pal.tracker.projects.ProjectDataGatewayTest" tests="3" skipped="0" failures="0" errors="0" timestamp="2020-03-24T02:56:00" hostname="Thangass-MacBook-Pro.local" time="0.291">
  <properties/>
  <testcase name="testFind" classname="test.pivotal.pal.tracker.projects.ProjectDataGatewayTest" time="0.229"/>
  <testcase name="testFindAllByAccountId" classname="test.pivotal.pal.tracker.projects.ProjectDataGatewayTest" time="0.031"/>
  <testcase name="testCreate" classname="test.pivotal.pal.tracker.projects.ProjectDataGatewayTest" time="0.03"/>
  <system-out><![CDATA[]]></system-out>
  <system-err><![CDATA[SLF4J: Failed to load class "org.slf4j.impl.StaticLoggerBinder".
SLF4J: Defaulting to no-operation (NOP) logger implementation
SLF4J: See http://www.slf4j.org/codes.html#StaticLoggerBinder for further details.
]]></system-err>
</testsuite>
