<?xml version="1.0" encoding="UTF-8"?>
<testsuite name="test.pivotal.pal.tracker.allocations.AllocationControllerTest" tests="3" skipped="0" failures="0" errors="0" timestamp="2020-03-24T02:55:58" hostname="Thangass-MacBook-Pro.local" time="0.022">
  <properties/>
  <testcase name="testList" classname="test.pivotal.pal.tracker.allocations.AllocationControllerTest" time="0.013"/>
  <testcase name="testCreate" classname="test.pivotal.pal.tracker.allocations.AllocationControllerTest" time="0.009"/>
  <testcase name="testCreate_WhenProjectIsNotActive" classname="test.pivotal.pal.tracker.allocations.AllocationControllerTest" time="0.0"/>
  <system-out><![CDATA[]]></system-out>
  <system-err><![CDATA[]]></system-err>
</testsuite>
