<?xml version="1.0" encoding="UTF-8"?>
<testsuite name="test.pivotal.pal.tracker.backlog.StoryControllerTest" tests="3" skipped="0" failures="0" errors="0" timestamp="2020-03-24T04:40:32" hostname="Thangass-MacBook-Pro.local" time="0.078">
  <properties/>
  <testcase name="testFailedCreate" classname="test.pivotal.pal.tracker.backlog.StoryControllerTest" time="0.062"/>
  <testcase name="testList" classname="test.pivotal.pal.tracker.backlog.StoryControllerTest" time="0.015"/>
  <testcase name="testCreate" classname="test.pivotal.pal.tracker.backlog.StoryControllerTest" time="0.001"/>
  <system-out><![CDATA[]]></system-out>
  <system-err><![CDATA[]]></system-err>
</testsuite>
